  pointer3.c
C:\c_knou\정보처리기사\pointer3\pointer3.c(16,9): warning C4477: 'printf' : 서식 문자열 '%d'에 'int' 형식의 인수가 필요하지만 variadic 인수 1의 형식이 'int *'입니다.
C:\c_knou\정보처리기사\pointer3\pointer3.c(16,9): warning C4477: 'printf' : 서식 문자열 '%d'에 'int' 형식의 인수가 필요하지만 variadic 인수 2의 형식이 'int *'입니다.
C:\c_knou\정보처리기사\pointer3\pointer3.c(16,9): warning C4477: 'printf' : 서식 문자열 '%d'에 'int' 형식의 인수가 필요하지만 variadic 인수 3의 형식이 'int *'입니다.
C:\c_knou\정보처리기사\pointer3\pointer3.c(20,9): warning C4477: 'printf' : 서식 문자열 '%d'에 'int' 형식의 인수가 필요하지만 variadic 인수 1의 형식이 'int *'입니다.
C:\c_knou\정보처리기사\pointer3\pointer3.c(20,9): warning C4477: 'printf' : 서식 문자열 '%d'에 'int' 형식의 인수가 필요하지만 variadic 인수 2의 형식이 'int *'입니다.
C:\c_knou\정보처리기사\pointer3\pointer3.c(20,9): warning C4477: 'printf' : 서식 문자열 '%d'에 'int' 형식의 인수가 필요하지만 variadic 인수 3의 형식이 'int *'입니다.
C:\c_knou\정보처리기사\pointer3\pointer3.c(22,9): warning C4477: 'printf' : 서식 문자열 '%d'에 'int' 형식의 인수가 필요하지만 variadic 인수 1의 형식이 'int (*)[2]'입니다.
C:\c_knou\정보처리기사\pointer3\pointer3.c(22,9): warning C4477: 'printf' : 서식 문자열 '%d'에 'int' 형식의 인수가 필요하지만 variadic 인수 2의 형식이 'int (*)[2]'입니다.
C:\c_knou\정보처리기사\pointer3\pointer3.c(22,9): warning C4477: 'printf' : 서식 문자열 '%d'에 'int' 형식의 인수가 필요하지만 variadic 인수 3의 형식이 'int (*)[2]'입니다.
C:\c_knou\정보처리기사\pointer3\pointer3.c(23,9): warning C4477: 'printf' : 서식 문자열 '%d'에 'int' 형식의 인수가 필요하지만 variadic 인수 1의 형식이 'int *'입니다.
C:\c_knou\정보처리기사\pointer3\pointer3.c(23,9): warning C4477: 'printf' : 서식 문자열 '%d'에 'int' 형식의 인수가 필요하지만 variadic 인수 2의 형식이 'int *'입니다.
C:\c_knou\정보처리기사\pointer3\pointer3.c(23,9): warning C4477: 'printf' : 서식 문자열 '%d'에 'int' 형식의 인수가 필요하지만 variadic 인수 3의 형식이 'int *'입니다.
C:\c_knou\정보처리기사\pointer3\pointer3.c(26,9): warning C4477: 'printf' : 서식 문자열 '%d'에 'int' 형식의 인수가 필요하지만 variadic 인수 1의 형식이 'int *'입니다.
C:\c_knou\정보처리기사\pointer3\pointer3.c(26,9): warning C4477: 'printf' : 서식 문자열 '%d'에 'int' 형식의 인수가 필요하지만 variadic 인수 2의 형식이 'int *'입니다.
C:\c_knou\정보처리기사\pointer3\pointer3.c(26,9): warning C4477: 'printf' : 서식 문자열 '%d'에 'int' 형식의 인수가 필요하지만 variadic 인수 3의 형식이 'int *'입니다.
C:\c_knou\정보처리기사\pointer3\pointer3.c(31,9): warning C4477: 'printf' : 서식 문자열 '%d'에 'int' 형식의 인수가 필요하지만 variadic 인수 1의 형식이 'int *'입니다.
C:\c_knou\정보처리기사\pointer3\pointer3.c(31,9): warning C4477: 'printf' : 서식 문자열 '%d'에 'int' 형식의 인수가 필요하지만 variadic 인수 2의 형식이 'int *'입니다.
C:\c_knou\정보처리기사\pointer3\pointer3.c(32,9): warning C4477: 'printf' : 서식 문자열 '%d'에 'int' 형식의 인수가 필요하지만 variadic 인수 1의 형식이 'int *'입니다.
C:\c_knou\정보처리기사\pointer3\pointer3.c(32,9): warning C4477: 'printf' : 서식 문자열 '%d'에 'int' 형식의 인수가 필요하지만 variadic 인수 2의 형식이 'int *'입니다.
C:\c_knou\정보처리기사\pointer3\pointer3.c(33,9): warning C4477: 'printf' : 서식 문자열 '%d'에 'int' 형식의 인수가 필요하지만 variadic 인수 1의 형식이 'int **'입니다.
C:\c_knou\정보처리기사\pointer3\pointer3.c(33,9): warning C4477: 'printf' : 서식 문자열 '%d'에 'int' 형식의 인수가 필요하지만 variadic 인수 2의 형식이 'int **'입니다.
  pointer3.vcxproj -> C:\c_knou\정보처리기사\pointer3\Debug\pointer3.exe
